<?xml version="1.0" encoding="UTF-8"?>
<!-- Generated by org.testng.reporters.JUnitReportReporter -->
<testsuite skipped="0" hostname="LAPTOP-5OV9PFDV" name="testng.Testclass" tests="1" failures="0" timestamp="2022-07-10T15:41:22 IST" time="15.860" errors="0">
  <testcase name="m1" time="15.860" classname="testng.Testclass"/>
  <system-out/>
</testsuite> <!-- testng.Testclass -->
